<?xml version="1.0" encoding="UTF-8"?>
<!-- Generated by org.testng.reporters.JUnitReportReporter -->
<testsuite hostname="LIN77001089" failures="0" tests="1" name="script" time="3.239" errors="0" timestamp="2022-01-30T22:05:02 IST" skipped="0">
  <testcase classname="script" name="testWarning" time="3.239"/>
</testsuite> <!-- script -->
